<?xml version="1.0" encoding="UTF-8"?>
<testsuite xmlns:xsi="http://www.w3.org/2001/XMLSchema-instance" xsi:noNamespaceSchemaLocation="https://maven.apache.org/surefire/maven-surefire-plugin/xsd/surefire-test-report-3.0.xsd" version="3.0" name="gz.hoteles.ProyectoHotelesApplicationTests" time="17.283" tests="1" errors="0" skipped="0" failures="0">
  <properties>
[...]
</properties>
  <testcase name="contextLoads" classname="gz.hoteles.ProyectoHotelesApplicationTests" time="0.021">
    <system-out><![CDATA[09:14:32.023 [main] INFO org.springframework.test.context.support.AnnotationConfigContextLoaderUtils -- Could not detect default configuration classes for test class [gz.hoteles.ProyectoHotelesApplicationTests]: ProyectoHotelesApplicationTests does not declare any static, non-private, non-final, nested classes annotated with @Configuration.
09:14:32.431 [main] INFO org.springframework.boot.test.context.SpringBootTestContextBootstrapper -- Found @SpringBootConfiguration gz.hoteles.ProyectoHotelesApplication for test class gz.hoteles.ProyectoHotelesApplicationTests

  .   ____          _            __ _ _
 /\\ / ___'_ __ _ _(_)_ __  __ _ \ \ \ \
( ( )\___ | '_ | '_| | '_ \/ _` | \ \ \ \
 \\/  ___)| |_)| | | | | || (_| |  ) ) ) )
  '  |____| .__|_| |_|_| |_\__, | / / / /
 =========|_|==============|___/=/_/_/_/
 :: Spring Boot ::                (v3.2.3)

2024-03-27T09:14:33.716+01:00  INFO 18096 --- [proyecto-hoteles] [           main] g.h.ProyectoHotelesApplicationTests      : Starting ProyectoHotelesApplicationTests using Java 17.0.10 with PID 18096 (started by Usuario in c:\Users\Usuario\OneDrive\Escritorio\2023-2024\Practicas\proyecto\proyecto\proyecto-hoteles)
2024-03-27T09:14:33.718+01:00  INFO 18096 --- [proyecto-hoteles] [           main] g.h.ProyectoHotelesApplicationTests      : The following 1 profile is active: "cloud"
2024-03-27T09:14:35.920+01:00  INFO 18096 --- [proyecto-hoteles] [           main] .s.d.r.c.RepositoryConfigurationDelegate : Bootstrapping Spring Data JPA repositories in DEFAULT mode.
2024-03-27T09:14:36.161+01:00  INFO 18096 --- [proyecto-hoteles] [           main] .s.d.r.c.RepositoryConfigurationDelegate : Finished Spring Data repository scanning in 209 ms. Found 4 JPA repository interfaces.
2024-03-27T09:14:37.778+01:00  INFO 18096 --- [proyecto-hoteles] [           main] o.hibernate.jpa.internal.util.LogHelper  : HHH000204: Processing PersistenceUnitInfo [name: default]
2024-03-27T09:14:38.035+01:00  INFO 18096 --- [proyecto-hoteles] [           main] org.hibernate.Version                    : HHH000412: Hibernate ORM core version 6.4.4.Final
2024-03-27T09:14:38.195+01:00  INFO 18096 --- [proyecto-hoteles] [           main] o.h.c.internal.RegionFactoryInitiator    : HHH000026: Second-level cache disabled
2024-03-27T09:14:38.637+01:00  INFO 18096 --- [proyecto-hoteles] [           main] o.s.o.j.p.SpringPersistenceUnitInfo      : No LoadTimeWeaver setup: ignoring JPA class transformer
2024-03-27T09:14:38.780+01:00  INFO 18096 --- [proyecto-hoteles] [           main] com.zaxxer.hikari.HikariDataSource       : HikariPool-1 - Starting...
2024-03-27T09:14:40.405+01:00  INFO 18096 --- [proyecto-hoteles] [           main] com.zaxxer.hikari.pool.HikariPool        : HikariPool-1 - Added connection org.postgresql.jdbc.PgConnection@820b78a
2024-03-27T09:14:40.414+01:00  INFO 18096 --- [proyecto-hoteles] [           main] com.zaxxer.hikari.HikariDataSource       : HikariPool-1 - Start completed.
2024-03-27T09:14:43.574+01:00  INFO 18096 --- [proyecto-hoteles] [           main] o.h.e.t.j.p.i.JtaPlatformInitiator       : HHH000489: No JTA platform available (set 'hibernate.transaction.jta.platform' to enable JTA platform integration)
Hibernate: alter table if exists habitacion drop constraint if exists FKqqxljesphu11wdb14l5x83i4l
2024-03-27T09:14:43.733+01:00  WARN 18096 --- [proyecto-hoteles] [           main] o.h.engine.jdbc.spi.SqlExceptionHelper   : SQL Warning Code: 0, SQLState: 00000
2024-03-27T09:14:43.733+01:00  WARN 18096 --- [proyecto-hoteles] [           main] o.h.engine.jdbc.spi.SqlExceptionHelper   : relation "habitacion" does not exist, skipping
Hibernate: alter table if exists hotel_servicio drop constraint if exists FK1jqe8ychcggxrgflgvk4crv1p
2024-03-27T09:14:43.772+01:00  WARN 18096 --- [proyecto-hoteles] [           main] o.h.engine.jdbc.spi.SqlExceptionHelper   : SQL Warning Code: 0, SQLState: 00000
2024-03-27T09:14:43.773+01:00  WARN 18096 --- [proyecto-hoteles] [           main] o.h.engine.jdbc.spi.SqlExceptionHelper   : relation "hotel_servicio" does not exist, skipping
Hibernate: alter table if exists hotel_servicio drop constraint if exists FKkmkdmusp32f0w4v83b96in524
2024-03-27T09:14:43.812+01:00  WARN 18096 --- [proyecto-hoteles] [           main] o.h.engine.jdbc.spi.SqlExceptionHelper   : SQL Warning Code: 0, SQLState: 00000
2024-03-27T09:14:43.813+01:00  WARN 18096 --- [proyecto-hoteles] [           main] o.h.engine.jdbc.spi.SqlExceptionHelper   : relation "hotel_servicio" does not exist, skipping
Hibernate: alter table if exists huesped drop constraint if exists FKoj4ce4sfvc9kcpdhmkbq1gfxc
2024-03-27T09:14:43.852+01:00  WARN 18096 --- [proyecto-hoteles] [           main] o.h.engine.jdbc.spi.SqlExceptionHelper   : SQL Warning Code: 0, SQLState: 00000
2024-03-27T09:14:43.854+01:00  WARN 18096 --- [proyecto-hoteles] [           main] o.h.engine.jdbc.spi.SqlExceptionHelper   : relation "huesped" does not exist, skipping
Hibernate: drop table if exists habitacion cascade
2024-03-27T09:14:43.893+01:00  WARN 18096 --- [proyecto-hoteles] [           main] o.h.engine.jdbc.spi.SqlExceptionHelper   : SQL Warning Code: 0, SQLState: 00000
2024-03-27T09:14:43.894+01:00  WARN 18096 --- [proyecto-hoteles] [           main] o.h.engine.jdbc.spi.SqlExceptionHelper   : table "habitacion" does not exist, skipping
Hibernate: drop table if exists hotel cascade
2024-03-27T09:14:43.931+01:00  WARN 18096 --- [proyecto-hoteles] [           main] o.h.engine.jdbc.spi.SqlExceptionHelper   : SQL Warning Code: 0, SQLState: 00000
2024-03-27T09:14:43.933+01:00  WARN 18096 --- [proyecto-hoteles] [           main] o.h.engine.jdbc.spi.SqlExceptionHelper   : table "hotel" does not exist, skipping
Hibernate: drop table if exists hotel_servicio cascade
2024-03-27T09:14:43.977+01:00  WARN 18096 --- [proyecto-hoteles] [           main] o.h.engine.jdbc.spi.SqlExceptionHelper   : SQL Warning Code: 0, SQLState: 00000
2024-03-27T09:14:43.977+01:00  WARN 18096 --- [proyecto-hoteles] [           main] o.h.engine.jdbc.spi.SqlExceptionHelper   : table "hotel_servicio" does not exist, skipping
Hibernate: drop table if exists huesped cascade
2024-03-27T09:14:44.015+01:00  WARN 18096 --- [proyecto-hoteles] [           main] o.h.engine.jdbc.spi.SqlExceptionHelper   : SQL Warning Code: 0, SQLState: 00000
2024-03-27T09:14:44.016+01:00  WARN 18096 --- [proyecto-hoteles] [           main] o.h.engine.jdbc.spi.SqlExceptionHelper   : table "huesped" does not exist, skipping
Hibernate: drop table if exists servicio cascade
2024-03-27T09:14:44.054+01:00  WARN 18096 --- [proyecto-hoteles] [           main] o.h.engine.jdbc.spi.SqlExceptionHelper   : SQL Warning Code: 0, SQLState: 00000
2024-03-27T09:14:44.055+01:00  WARN 18096 --- [proyecto-hoteles] [           main] o.h.engine.jdbc.spi.SqlExceptionHelper   : table "servicio" does not exist, skipping
Hibernate: create table habitacion (hotel_fk integer, id serial not null, precio_noche float4 not null, numero varchar(255), tipo_habitacion varchar(255) check (tipo_habitacion in ('INDIVIDUAL','DOBLE','CUADRUPLE','SUITE')), primary key (id))
Hibernate: create table hotel (id serial not null, numero_habitaciones integer not null, numero_habitaciones_disponibles integer not null, numero_habitaciones_reservadas integer not null, direccion varchar(255), email varchar(255), nombre varchar(255), sitio_web varchar(255), telefono varchar(255), primary key (id))
Hibernate: create table hotel_servicio (hotel_fk integer not null, servicio_fk integer not null)
Hibernate: create table huesped (habitacion_fk integer, id serial not null, fecha_check_in timestamp(6), fecha_check_out timestamp(6), dni varchar(255), email varchar(255), nombre_completo varchar(255), primary key (id))
Hibernate: create table servicio (id serial not null, categoria varchar(255) check (categoria in ('GIMNASIO','LAVANDERIA','BAR','CASINO','KARAOKE')), descripcion varchar(255), nombre varchar(255), primary key (id))
Hibernate: alter table if exists habitacion add constraint FKqqxljesphu11wdb14l5x83i4l foreign key (hotel_fk) references hotel
Hibernate: alter table if exists hotel_servicio add constraint FK1jqe8ychcggxrgflgvk4crv1p foreign key (servicio_fk) references servicio
Hibernate: alter table if exists hotel_servicio add constraint FKkmkdmusp32f0w4v83b96in524 foreign key (hotel_fk) references hotel
Hibernate: alter table if exists huesped add constraint FKoj4ce4sfvc9kcpdhmkbq1gfxc foreign key (habitacion_fk) references habitacion
2024-03-27T09:14:44.485+01:00  INFO 18096 --- [proyecto-hoteles] [           main] j.LocalContainerEntityManagerFactoryBean : Initialized JPA EntityManagerFactory for persistence unit 'default'
2024-03-27T09:14:46.305+01:00  INFO 18096 --- [proyecto-hoteles] [           main] o.s.d.j.r.query.QueryEnhancerFactory     : Hibernate is in classpath; If applicable, HQL parser will be used.
2024-03-27T09:14:47.877+01:00  WARN 18096 --- [proyecto-hoteles] [           main] JpaBaseConfiguration$JpaWebConfiguration : spring.jpa.open-in-view is enabled by default. Therefore, database queries may be performed during view rendering. Explicitly configure spring.jpa.open-in-view to disable this warning
2024-03-27T09:14:48.792+01:00  INFO 18096 --- [proyecto-hoteles] [           main] g.h.ProyectoHotelesApplicationTests      : Started ProyectoHotelesApplicationTests in 15.901 seconds (process running for 25.492)
]]></system-out>
  </testcase>
</testsuite>